0 info it worked if it ends with ok
1 verbose cli [ '/Users/sebs/.nvm/versions/node/v6.7.0/bin/node',
1 verbose cli   '/Users/sebs/.nvm/versions/node/v6.7.0/bin/npm',
1 verbose cli   'publish' ]
2 info using npm@3.10.3
3 info using node@v6.7.0
4 verbose publish [ '.' ]
5 silly cache add args [ '.', null ]
6 verbose cache add spec .
7 silly cache add parsed spec Result {
7 silly cache add   raw: '.',
7 silly cache add   scope: null,
7 silly cache add   escapedName: null,
7 silly cache add   name: null,
7 silly cache add   rawSpec: '.',
7 silly cache add   spec: '/Users/sebs/projects/opensource/rpc-check',
7 silly cache add   type: 'directory' }
8 verbose addLocalDirectory /Users/sebs/.npm/rpc-check/3.2.0/package.tgz not in flight; packing
9 verbose correctMkdir /Users/sebs/.npm correctMkdir not in flight; initializing
10 info lifecycle rpc-check@3.2.0~prepublish: rpc-check@3.2.0
11 silly lifecycle rpc-check@3.2.0~prepublish: no script for prepublish, continuing
12 verbose tar pack [ '/Users/sebs/.npm/rpc-check/3.2.0/package.tgz',
12 verbose tar pack   '/Users/sebs/projects/opensource/rpc-check' ]
13 verbose tarball /Users/sebs/.npm/rpc-check/3.2.0/package.tgz
14 verbose folder /Users/sebs/projects/opensource/rpc-check
15 verbose addLocalTarball adding from inside cache /Users/sebs/.npm/rpc-check/3.2.0/package.tgz
16 verbose correctMkdir /Users/sebs/.npm correctMkdir not in flight; initializing
17 silly cache afterAdd rpc-check@3.2.0
18 verbose afterAdd /Users/sebs/.npm/rpc-check/3.2.0/package/package.json not in flight; writing
19 verbose correctMkdir /Users/sebs/.npm correctMkdir not in flight; initializing
20 verbose afterAdd /Users/sebs/.npm/rpc-check/3.2.0/package/package.json written
21 silly publish { name: 'rpc-check',
21 silly publish   version: '3.2.0',
21 silly publish   engines: { node: '>= 6.0.0' },
21 silly publish   description: 'RPC Check - Checks for Ethereum JSON RPC Nodes',
21 silly publish   main: 'cli.js',
21 silly publish   scripts:
21 silly publish    { test: 'mocha',
21 silly publish      docs: 'marked-man ./doc/rpc-check.md > ./doc/rpc-check.1',
21 silly publish      'check:local': 'rpc-check http://localhost:8545',
21 silly publish      changelog: 'rm CHANGELOG.md && changelog https://github.com/sebs/rpc-check all > CHANGELOG.md && git add . && git commit . -m changelog',
21 silly publish      postversion: 'git push && git push --tags && npm run changelog && git push' },
21 silly publish   repository:
21 silly publish    { type: 'git',
21 silly publish      url: 'git+https://github.com/sebs/rpc-check.git' },
21 silly publish   keywords: [ 'ethereum', 'web3', 'rpc', 'check', 'cli' ],
21 silly publish   public: true,
21 silly publish   man: [ './doc/rpc-check.1' ],
21 silly publish   bin: { 'rpc-check': './bin/rpc-check' },
21 silly publish   homepage: 'https://github.com/sebs/rpc-check',
21 silly publish   author: { name: 'Sebastian Schürmann' },
21 silly publish   license: 'MIT',
21 silly publish   devDependencies:
21 silly publish    { chai: '^3.5.0',
21 silly publish      marked: '^0.3.6',
21 silly publish      'marked-man': '^0.1.5',
21 silly publish      mocha: '^3.1.0',
21 silly publish      'child-process-promise': '^2.1.3',
21 silly publish      changelog: '^1.0.7' },
21 silly publish   dependencies:
21 silly publish    { 'bignumber.js': '^2.4.0',
21 silly publish      commander: '^2.9.0',
21 silly publish      prettyjson: '^1.1.3',
21 silly publish      'sync-request': '^3.0.1',
21 silly publish      'upchain-web3-http-provider': '^3.1.0',
21 silly publish      web3: '^0.17.0-beta' },
21 silly publish   readme: '# rpc-check\n\n[![npm version](https://badge.fury.io/js/rpc-check.svg)](https://badge.fury.io/js/rpc-check) [![Build Status](https://travis-ci.org/sebs/rpc-check.svg?branch=master)](https://travis-ci.org/sebs/rpc-check)[![npm](https://img.shields.io/npm/dt/rpc-check.svg?maxAge=2592000)]()\n\nChecks for JSON RPC endpoints of ethereum nodes and displays basic statistics and gives a gist how accessible it is.\n\nReason for this tool to exist: There is like 10 mistakes a lot fo people make with their RPC nodes and most of them are revealed by this cli tool.\n\n\n\nThis tool checks:\n\n* host http headers accounts accessible to web3\n* mining and peer count status\n* account funds\n* gas price\n\n[![rpc-check](./doc/rpc-check.png)](./doc/rpc-check.png)\n\n* [License](./LICENSE)\n* [Changelog](./CHANGELOG.md)\n\n## Usage\n\n```\nrpc-check http://localhost:8545            \nversion EthereumJS TestRPC/v2.2.7/ethereum-js\nnetwork 1475011275094\nmining true\naccounts 10\ngasPrice 1\n```\n\nOnly JSON output\n\n```\nrpc-check http://localhost:8545 --json\n{\n  "version": "EthereumJS TestRPC/v2.2.7/ethereum-js",\n  "network": "1475011275094",\n  "mining": true,\n  "accounts": 10,\n  "gasPrice": 1\n}\n```\n\n\n\n## Install\n\n```\nnpm install rpc-check -g\n```\n',
21 silly publish   readmeFilename: 'README.md',
21 silly publish   gitHead: '594e5af5a78463727fc6b19e5915bf953fbd7a96',
21 silly publish   bugs: { url: 'https://github.com/sebs/rpc-check/issues' },
21 silly publish   _id: 'rpc-check@3.2.0',
21 silly publish   _shasum: '78cc8e5346625f737f9421e681495455d93f597d',
21 silly publish   _from: '.' }
22 verbose getPublishConfig undefined
23 silly mapToRegistry name rpc-check
24 silly mapToRegistry using default registry
25 silly mapToRegistry registry https://registry.npmjs.org/
26 silly mapToRegistry data Result {
26 silly mapToRegistry   raw: 'rpc-check',
26 silly mapToRegistry   scope: null,
26 silly mapToRegistry   escapedName: 'rpc-check',
26 silly mapToRegistry   name: 'rpc-check',
26 silly mapToRegistry   rawSpec: '',
26 silly mapToRegistry   spec: 'latest',
26 silly mapToRegistry   type: 'tag' }
27 silly mapToRegistry uri https://registry.npmjs.org/rpc-check
28 verbose publish registryBase https://registry.npmjs.org/
29 silly publish uploading /Users/sebs/.npm/rpc-check/3.2.0/package.tgz
30 verbose request uri https://registry.npmjs.org/rpc-check
31 verbose request sending authorization for write operation
32 info attempt registry request try #1 at 01:08:29
33 verbose request using bearer token for auth
34 verbose request id 270fa6aa3908331a
35 http request PUT https://registry.npmjs.org/rpc-check
36 http 403 https://registry.npmjs.org/rpc-check
37 verbose headers { 'content-type': 'application/json',
37 verbose headers   'cache-control': 'max-age=300',
37 verbose headers   'content-length': '95',
37 verbose headers   'accept-ranges': 'bytes',
37 verbose headers   date: 'Tue, 04 Oct 2016 23:08:32 GMT',
37 verbose headers   via: '1.1 varnish',
37 verbose headers   connection: 'keep-alive',
37 verbose headers   'x-served-by': 'cache-fra1222-FRA',
37 verbose headers   'x-cache': 'MISS',
37 verbose headers   'x-cache-hits': '0',
37 verbose headers   'x-timer': 'S1475622510.135974,VS0,VE2006',
37 verbose headers   vary: 'Accept-Encoding' }
38 verbose request invalidating /Users/sebs/.npm/registry.npmjs.org/rpc-check on PUT
39 error publish Failed PUT 403
40 verbose stack Error: "You cannot publish over the previously published version 3.2.0." : rpc-check
40 verbose stack     at makeError (/Users/sebs/.nvm/versions/node/v6.7.0/lib/node_modules/npm/node_modules/npm-registry-client/lib/request.js:264:12)
40 verbose stack     at CachingRegistryClient.<anonymous> (/Users/sebs/.nvm/versions/node/v6.7.0/lib/node_modules/npm/node_modules/npm-registry-client/lib/request.js:252:14)
40 verbose stack     at Request._callback (/Users/sebs/.nvm/versions/node/v6.7.0/lib/node_modules/npm/node_modules/npm-registry-client/lib/request.js:172:14)
40 verbose stack     at Request.self.callback (/Users/sebs/.nvm/versions/node/v6.7.0/lib/node_modules/npm/node_modules/request/request.js:200:22)
40 verbose stack     at emitTwo (events.js:106:13)
40 verbose stack     at Request.emit (events.js:191:7)
40 verbose stack     at Request.<anonymous> (/Users/sebs/.nvm/versions/node/v6.7.0/lib/node_modules/npm/node_modules/request/request.js:1067:10)
40 verbose stack     at emitOne (events.js:101:20)
40 verbose stack     at Request.emit (events.js:188:7)
40 verbose stack     at IncomingMessage.<anonymous> (/Users/sebs/.nvm/versions/node/v6.7.0/lib/node_modules/npm/node_modules/request/request.js:988:12)
41 verbose statusCode 403
42 verbose pkgid rpc-check
43 verbose cwd /Users/sebs/projects/opensource/rpc-check
44 error Darwin 15.6.0
45 error argv "/Users/sebs/.nvm/versions/node/v6.7.0/bin/node" "/Users/sebs/.nvm/versions/node/v6.7.0/bin/npm" "publish"
46 error node v6.7.0
47 error npm  v3.10.3
48 error code E403
49 error "You cannot publish over the previously published version 3.2.0." : rpc-check
50 error If you need help, you may report this error at:
50 error     <https://github.com/npm/npm/issues>
51 verbose exit [ 1, true ]
